Starting job 13849491 ("FFT") on c10-36 at on. 27. jan. 19:55:07 +0100 2016

This program is part of the OpenMP Source Code Repository (OmpSCR)

Program:       ./c_fft.par
Description:   Divide and Conquer Fast Fourier Transform.

Argument Size of the input signal (in Kb) 32768
Argument NUMTHREADS 16

Running ...

Test array: Ok
OMP version time usage =11.4641

This program is part of the OpenMP Source Code Repository (OmpSCR)

Program:       ./c_fft.par
Description:   Divide and Conquer Fast Fourier Transform.

Argument Size of the input signal (in Kb) 32768
Argument NUMTHREADS 16

Running ...

Test array: Ok
OMP version time usage =10.6192

This program is part of the OpenMP Source Code Repository (OmpSCR)

Program:       ./c_fft.par
Description:   Divide and Conquer Fast Fourier Transform.

Argument Size of the input signal (in Kb) 32768
Argument NUMTHREADS 16

Running ...

Test array: Ok
OMP version time usage =10.7205

This program is part of the OpenMP Source Code Repository (OmpSCR)

Program:       ./c_fft.par
Description:   Divide and Conquer Fast Fourier Transform.

Argument Size of the input signal (in Kb) 32768
Argument NUMTHREADS 16

Running ...

Test array: Ok
OMP version time usage =10.6457

This program is part of the OpenMP Source Code Repository (OmpSCR)

Program:       ./c_fft.par
Description:   Divide and Conquer Fast Fourier Transform.

Argument Size of the input signal (in Kb) 32768
Argument NUMTHREADS 16

Running ...

Test array: Ok
OMP version time usage =10.8038

Currently Loaded Modulefiles:
  1) intel/2015.3          2) openmpi.intel/1.8.8   3) intel/2016.0

Job script resource usage:
       JobID  MaxVMSize     MaxRSS 
------------ ---------- ---------- 
13849491.ba+   3082636K   1511248K 

Job step resource usage:
       JobID    JobName  AllocCPUS  MaxVMSize     MaxRSS    Elapsed ExitCode 
------------ ---------- ---------- ---------- ---------- ---------- -------- 
13849491            FFT         16                         00:00:57      0:0 

Job 13849491 ("FFT") completed on c10-36 at on. 27. jan. 19:56:04 +0100 2016
